<?xml version="1.0" encoding="UTF-8"?>
<!-- Generated by org.testng.reporters.JUnitXMLReporter -->
<testsuite ignored="0" hostname="CLIRKOL223" failures="20" tests="20" name="Test" time="1.932" errors="0" timestamp="2023-08-29T16:44:49 IST">
  <testcase classname="com.clirnet.login.ClirnetSanity" name="HomeReadMedwiki" time="1.813">
    <failure type="org.openqa.selenium.SessionNotCreatedException" message="Could not start a new session. Response code 401. Message: failed serving request POST /wd/hub/session: Unauthorized 
Host info: host: &amp;apos;CLIRKOL223&amp;apos;, ip: &amp;apos;192.168.50.210&amp;apos;
Build info: version: &amp;apos;4.11.0&amp;apos;, revision: &amp;apos;040bc5406b&amp;apos;
System info: os.name: &amp;apos;Windows 10&amp;apos;, os.arch: &amp;apos;amd64&amp;apos;, os.version: &amp;apos;10.0&amp;apos;, java.version: &amp;apos;17.0.1&amp;apos;
Driver info: org.openqa.selenium.remote.RemoteWebDriver
Command: [null, newSession {capabilities=[Capabilities {browserName: chrome, browserVersion: 116, goog:chromeOptions: {args: [--remote-allow-origins=*], extensions: []}, platformName: Windows 10, sauce:options: {accessKey: e74f338-ec26-4ae0-9efa-3b83..., build: Buildone, name: 29Augbuild, screenResolution: 1680x1050, username: clirnetautomation}}]}]
Capabilities {browserName: chrome, browserVersion: 116, goog:chromeOptions: {args: [--remote-allow-origins=*], extensions: []}, platformName: Windows 10, sauce:options: {accessKey: e74f338-ec26-4ae0-9efa-3b83..., build: Buildone, name: 29Augbuild, screenResolution: 1680x1050, username: clirnetautomation}}">
      <![CDATA[org.openqa.selenium.SessionNotCreatedException: Could not start a new session. Response code 401. Message: failed serving request POST /wd/hub/session: Unauthorized 
Host info: host: 'CLIRKOL223', ip: '192.168.50.210'
Build info: version: '4.11.0', revision: '040bc5406b'
System info: os.name: 'Windows 10', os.arch: 'amd64', os.version: '10.0', java.version: '17.0.1'
Driver info: org.openqa.selenium.remote.RemoteWebDriver
Command: [null, newSession {capabilities=[Capabilities {browserName: chrome, browserVersion: 116, goog:chromeOptions: {args: [--remote-allow-origins=*], extensions: []}, platformName: Windows 10, sauce:options: {accessKey: e74f338-ec26-4ae0-9efa-3b83..., build: Buildone, name: 29Augbuild, screenResolution: 1680x1050, username: clirnetautomation}}]}]
Capabilities {browserName: chrome, browserVersion: 116, goog:chromeOptions: {args: [--remote-allow-origins=*], extensions: []}, platformName: Windows 10, sauce:options: {accessKey: e74f338-ec26-4ae0-9efa-3b83..., build: Buildone, name: 29Augbuild, screenResolution: 1680x1050, username: clirnetautomation}}
at org.openqa.selenium.remote.ProtocolHandshake.createSession(ProtocolHandshake.java:140)
at org.openqa.selenium.remote.ProtocolHandshake.createSession(ProtocolHandshake.java:96)
at org.openqa.selenium.remote.ProtocolHandshake.createSession(ProtocolHandshake.java:68)
at org.openqa.selenium.remote.HttpCommandExecutor.execute(HttpCommandExecutor.java:163)
at org.openqa.selenium.remote.TracedCommandExecutor.execute(TracedCommandExecutor.java:51)
at org.openqa.selenium.remote.RemoteWebDriver.execute(RemoteWebDriver.java:518)
at org.openqa.selenium.remote.RemoteWebDriver.startSession(RemoteWebDriver.java:232)
at org.openqa.selenium.remote.RemoteWebDriver.<init>(RemoteWebDriver.java:159)
at org.openqa.selenium.remote.RemoteWebDriver.<init>(RemoteWebDriver.java:139)
at com.clirnet.setup.WebAccess.set(WebAccess.java:44)
at com.clirnet.login.ClirnetSanity.HomeReadMedwiki(ClirnetSanity.java:43)
at java.base/java.util.ArrayList.forEach(ArrayList.java:1511)
... Removed 27 stack frames]]>
    </failure>
  </testcase> <!-- HomeReadMedwiki -->
  <testcase classname="com.clirnet.login.ClirnetSanity" name="homeclick" time="0.003">
    <failure type="java.lang.NullPointerException" message="Cannot invoke &amp;quot;org.openqa.selenium.WebDriver.findElement(org.openqa.selenium.By)&amp;quot; because the return value of &amp;quot;com.clirnet.setup.WebDriverInit.getDriver()&amp;quot; is null">
      <![CDATA[java.lang.NullPointerException: Cannot invoke "org.openqa.selenium.WebDriver.findElement(org.openqa.selenium.By)" because the return value of "com.clirnet.setup.WebDriverInit.getDriver()" is null
at com.clirnet.login.ClirnetSanity.homeclick(ClirnetSanity.java:89)
at java.base/java.util.ArrayList.forEach(ArrayList.java:1511)
... Removed 27 stack frames]]>
    </failure>
  </testcase> <!-- homeclick -->
  <testcase classname="com.clirnet.login.ClirnetSanity" name="doctubeclick" time="0.004">
    <failure type="java.lang.IllegalArgumentException" message="Input must be set">
      <![CDATA[java.lang.IllegalArgumentException: Input must be set
at org.openqa.selenium.internal.Require.nonNull(Require.java:60)
at org.openqa.selenium.support.ui.FluentWait.<init>(FluentWait.java:94)
at org.openqa.selenium.support.ui.WebDriverWait.<init>(WebDriverWait.java:74)
at org.openqa.selenium.support.ui.WebDriverWait.<init>(WebDriverWait.java:43)
at com.clirnet.login.ClirnetSanity.doctubeclick(ClirnetSanity.java:99)
at java.base/java.util.ArrayList.forEach(ArrayList.java:1511)
... Removed 27 stack frames]]>
    </failure>
  </testcase> <!-- doctubeclick -->
  <testcase classname="com.clirnet.login.ClirnetSanity" name="communityclick" time="0.001">
    <failure type="java.lang.IllegalArgumentException" message="Input must be set">
      <![CDATA[java.lang.IllegalArgumentException: Input must be set
at org.openqa.selenium.internal.Require.nonNull(Require.java:60)
at org.openqa.selenium.support.ui.FluentWait.<init>(FluentWait.java:94)
at org.openqa.selenium.support.ui.WebDriverWait.<init>(WebDriverWait.java:74)
at org.openqa.selenium.support.ui.WebDriverWait.<init>(WebDriverWait.java:43)
at com.clirnet.login.ClirnetSanity.communityclick(ClirnetSanity.java:115)
at java.base/java.util.ArrayList.forEach(ArrayList.java:1511)
... Removed 27 stack frames]]>
    </failure>
  </testcase> <!-- communityclick -->
  <testcase classname="com.clirnet.login.ClirnetSanity" name="ExploreClick" time="0.001">
    <failure type="java.lang.IllegalArgumentException" message="Input must be set">
      <![CDATA[java.lang.IllegalArgumentException: Input must be set
at org.openqa.selenium.internal.Require.nonNull(Require.java:60)
at org.openqa.selenium.support.ui.FluentWait.<init>(FluentWait.java:94)
at org.openqa.selenium.support.ui.WebDriverWait.<init>(WebDriverWait.java:74)
at org.openqa.selenium.support.ui.WebDriverWait.<init>(WebDriverWait.java:43)
at com.clirnet.login.ClirnetSanity.ExploreClick(ClirnetSanity.java:130)
at java.base/java.util.ArrayList.forEach(ArrayList.java:1511)
... Removed 27 stack frames]]>
    </failure>
  </testcase> <!-- ExploreClick -->
  <testcase classname="com.clirnet.login.ClirnetSanity" name="LiveCMEClick" time="0.001">
    <failure type="java.lang.IllegalArgumentException" message="Input must be set">
      <![CDATA[java.lang.IllegalArgumentException: Input must be set
at org.openqa.selenium.internal.Require.nonNull(Require.java:60)
at org.openqa.selenium.support.ui.FluentWait.<init>(FluentWait.java:94)
at org.openqa.selenium.support.ui.WebDriverWait.<init>(WebDriverWait.java:74)
at org.openqa.selenium.support.ui.WebDriverWait.<init>(WebDriverWait.java:43)
at com.clirnet.login.ClirnetSanity.LiveCMEClick(ClirnetSanity.java:141)
at java.base/java.util.ArrayList.forEach(ArrayList.java:1511)
... Removed 27 stack frames]]>
    </failure>
  </testcase> <!-- LiveCMEClick -->
  <testcase classname="com.clirnet.login.ClirnetSanity" name="LiveMedWikiClick" time="0.001">
    <failure type="java.lang.IllegalArgumentException" message="Input must be set">
      <![CDATA[java.lang.IllegalArgumentException: Input must be set
at org.openqa.selenium.internal.Require.nonNull(Require.java:60)
at org.openqa.selenium.support.ui.FluentWait.<init>(FluentWait.java:94)
at org.openqa.selenium.support.ui.WebDriverWait.<init>(WebDriverWait.java:74)
at org.openqa.selenium.support.ui.WebDriverWait.<init>(WebDriverWait.java:43)
at com.clirnet.login.ClirnetSanity.LiveMedWikiClick(ClirnetSanity.java:153)
at java.base/java.util.ArrayList.forEach(ArrayList.java:1511)
... Removed 27 stack frames]]>
    </failure>
  </testcase> <!-- LiveMedWikiClick -->
  <testcase classname="com.clirnet.login.ClirnetSanity" name="ClinicalvideoClick" time="0.001">
    <failure type="java.lang.IllegalArgumentException" message="Input must be set">
      <![CDATA[java.lang.IllegalArgumentException: Input must be set
at org.openqa.selenium.internal.Require.nonNull(Require.java:60)
at org.openqa.selenium.support.ui.FluentWait.<init>(FluentWait.java:94)
at org.openqa.selenium.support.ui.WebDriverWait.<init>(WebDriverWait.java:74)
at org.openqa.selenium.support.ui.WebDriverWait.<init>(WebDriverWait.java:43)
at com.clirnet.login.ClirnetSanity.ClinicalvideoClick(ClirnetSanity.java:168)
at java.base/java.util.ArrayList.forEach(ArrayList.java:1511)
... Removed 27 stack frames]]>
    </failure>
  </testcase> <!-- ClinicalvideoClick -->
  <testcase classname="com.clirnet.login.ClirnetSanity" name="ClickGrandRounds" time="0.001">
    <failure type="java.lang.IllegalArgumentException" message="Input must be set">
      <![CDATA[java.lang.IllegalArgumentException: Input must be set
at org.openqa.selenium.internal.Require.nonNull(Require.java:60)
at org.openqa.selenium.support.ui.FluentWait.<init>(FluentWait.java:94)
at org.openqa.selenium.support.ui.WebDriverWait.<init>(WebDriverWait.java:74)
at org.openqa.selenium.support.ui.WebDriverWait.<init>(WebDriverWait.java:43)
at com.clirnet.login.ClirnetSanity.ClickGrandRounds(ClirnetSanity.java:183)
at java.base/java.util.ArrayList.forEach(ArrayList.java:1511)
... Removed 27 stack frames]]>
    </failure>
  </testcase> <!-- ClickGrandRounds -->
  <testcase classname="com.clirnet.login.ClirnetSanity" name="CoursesClick" time="0.001">
    <failure type="java.lang.IllegalArgumentException" message="Input must be set">
      <![CDATA[java.lang.IllegalArgumentException: Input must be set
at org.openqa.selenium.internal.Require.nonNull(Require.java:60)
at org.openqa.selenium.support.ui.FluentWait.<init>(FluentWait.java:94)
at org.openqa.selenium.support.ui.WebDriverWait.<init>(WebDriverWait.java:74)
at org.openqa.selenium.support.ui.WebDriverWait.<init>(WebDriverWait.java:43)
at com.clirnet.login.ClirnetSanity.CoursesClick(ClirnetSanity.java:198)
at java.base/java.util.ArrayList.forEach(ArrayList.java:1511)
... Removed 27 stack frames]]>
    </failure>
  </testcase> <!-- CoursesClick -->
  <testcase classname="com.clirnet.login.ClirnetSanity" name="PollClick" time="0.001">
    <failure type="java.lang.IllegalArgumentException" message="Input must be set">
      <![CDATA[java.lang.IllegalArgumentException: Input must be set
at org.openqa.selenium.internal.Require.nonNull(Require.java:60)
at org.openqa.selenium.support.ui.FluentWait.<init>(FluentWait.java:94)
at org.openqa.selenium.support.ui.WebDriverWait.<init>(WebDriverWait.java:74)
at org.openqa.selenium.support.ui.WebDriverWait.<init>(WebDriverWait.java:43)
at com.clirnet.login.ClirnetSanity.PollClick(ClirnetSanity.java:213)
at java.base/java.util.ArrayList.forEach(ArrayList.java:1511)
... Removed 27 stack frames]]>
    </failure>
  </testcase> <!-- PollClick -->
  <testcase classname="com.clirnet.login.ClirnetSanity" name="DDXClick" time="0.0">
    <failure type="java.lang.IllegalArgumentException" message="Input must be set">
      <![CDATA[java.lang.IllegalArgumentException: Input must be set
at org.openqa.selenium.internal.Require.nonNull(Require.java:60)
at org.openqa.selenium.support.ui.FluentWait.<init>(FluentWait.java:94)
at org.openqa.selenium.support.ui.WebDriverWait.<init>(WebDriverWait.java:74)
at org.openqa.selenium.support.ui.WebDriverWait.<init>(WebDriverWait.java:43)
at com.clirnet.login.ClirnetSanity.DDXClick(ClirnetSanity.java:228)
at java.base/java.util.ArrayList.forEach(ArrayList.java:1511)
... Removed 27 stack frames]]>
    </failure>
  </testcase> <!-- DDXClick -->
  <testcase classname="com.clirnet.login.ClirnetSanity" name="Epaper" time="0.0">
    <failure type="java.lang.IllegalArgumentException" message="Input must be set">
      <![CDATA[java.lang.IllegalArgumentException: Input must be set
at org.openqa.selenium.internal.Require.nonNull(Require.java:60)
at org.openqa.selenium.support.ui.FluentWait.<init>(FluentWait.java:94)
at org.openqa.selenium.support.ui.WebDriverWait.<init>(WebDriverWait.java:74)
at org.openqa.selenium.support.ui.WebDriverWait.<init>(WebDriverWait.java:43)
at com.clirnet.login.ClirnetSanity.Epaper(ClirnetSanity.java:243)
at java.base/java.util.ArrayList.forEach(ArrayList.java:1511)
... Removed 27 stack frames]]>
    </failure>
  </testcase> <!-- Epaper -->
  <testcase classname="com.clirnet.login.ClirnetSanity" name="Telemed" time="0.0">
    <failure type="java.lang.IllegalArgumentException" message="Input must be set">
      <![CDATA[java.lang.IllegalArgumentException: Input must be set
at org.openqa.selenium.internal.Require.nonNull(Require.java:60)
at org.openqa.selenium.support.ui.FluentWait.<init>(FluentWait.java:94)
at org.openqa.selenium.support.ui.WebDriverWait.<init>(WebDriverWait.java:74)
at org.openqa.selenium.support.ui.WebDriverWait.<init>(WebDriverWait.java:43)
at com.clirnet.login.ClirnetSanity.Telemed(ClirnetSanity.java:258)
at java.base/java.util.ArrayList.forEach(ArrayList.java:1511)
... Removed 27 stack frames]]>
    </failure>
  </testcase> <!-- Telemed -->
  <testcase classname="com.clirnet.login.ClirnetSanity" name="DR" time="0.001">
    <failure type="java.lang.IllegalArgumentException" message="Input must be set">
      <![CDATA[java.lang.IllegalArgumentException: Input must be set
at org.openqa.selenium.internal.Require.nonNull(Require.java:60)
at org.openqa.selenium.support.ui.FluentWait.<init>(FluentWait.java:94)
at org.openqa.selenium.support.ui.WebDriverWait.<init>(WebDriverWait.java:74)
at org.openqa.selenium.support.ui.WebDriverWait.<init>(WebDriverWait.java:43)
at com.clirnet.login.ClirnetSanity.DR(ClirnetSanity.java:273)
at java.base/java.util.ArrayList.forEach(ArrayList.java:1511)
... Removed 27 stack frames]]>
    </failure>
  </testcase> <!-- DR -->
  <testcase classname="com.clirnet.login.ClirnetSanity" name="EditProfile" time="0.0">
    <failure type="java.lang.IllegalArgumentException" message="Input must be set">
      <![CDATA[java.lang.IllegalArgumentException: Input must be set
at org.openqa.selenium.internal.Require.nonNull(Require.java:60)
at org.openqa.selenium.support.ui.FluentWait.<init>(FluentWait.java:94)
at org.openqa.selenium.support.ui.WebDriverWait.<init>(WebDriverWait.java:74)
at org.openqa.selenium.support.ui.WebDriverWait.<init>(WebDriverWait.java:43)
at com.clirnet.login.ClirnetSanity.EditProfile(ClirnetSanity.java:292)
at java.base/java.util.ArrayList.forEach(ArrayList.java:1511)
... Removed 27 stack frames]]>
    </failure>
  </testcase> <!-- EditProfile -->
  <testcase classname="com.clirnet.login.ClirnetSanity" name="HeaderNavigation" time="0.002">
    <failure type="java.lang.IllegalArgumentException" message="Input must be set">
      <![CDATA[java.lang.IllegalArgumentException: Input must be set
at org.openqa.selenium.internal.Require.nonNull(Require.java:60)
at org.openqa.selenium.support.ui.FluentWait.<init>(FluentWait.java:94)
at org.openqa.selenium.support.ui.WebDriverWait.<init>(WebDriverWait.java:74)
at org.openqa.selenium.support.ui.WebDriverWait.<init>(WebDriverWait.java:43)
at com.clirnet.login.ClirnetSanity.HeaderNavigation(ClirnetSanity.java:322)
at java.base/java.util.ArrayList.forEach(ArrayList.java:1511)
... Removed 27 stack frames]]>
    </failure>
  </testcase> <!-- HeaderNavigation -->
  <testcase classname="com.clirnet.login.ClirnetSanity" name="TrendingNowClick" time="0.002">
    <failure type="java.lang.IllegalArgumentException" message="Input must be set">
      <![CDATA[java.lang.IllegalArgumentException: Input must be set
at org.openqa.selenium.internal.Require.nonNull(Require.java:60)
at org.openqa.selenium.support.ui.FluentWait.<init>(FluentWait.java:94)
at org.openqa.selenium.support.ui.WebDriverWait.<init>(WebDriverWait.java:74)
at org.openqa.selenium.support.ui.WebDriverWait.<init>(WebDriverWait.java:43)
at com.clirnet.login.ClirnetSanity.TrendingNowClick(ClirnetSanity.java:349)
at java.base/java.util.ArrayList.forEach(ArrayList.java:1511)
... Removed 27 stack frames]]>
    </failure>
  </testcase> <!-- TrendingNowClick -->
  <testcase classname="com.clirnet.login.ClirnetSanity" name="EbookDetail" time="0.0">
    <failure type="java.lang.NullPointerException" message="Cannot invoke &amp;quot;org.openqa.selenium.WebDriver.findElement(org.openqa.selenium.By)&amp;quot; because the return value of &amp;quot;com.clirnet.setup.WebDriverInit.getDriver()&amp;quot; is null">
      <![CDATA[java.lang.NullPointerException: Cannot invoke "org.openqa.selenium.WebDriver.findElement(org.openqa.selenium.By)" because the return value of "com.clirnet.setup.WebDriverInit.getDriver()" is null
at com.clirnet.login.ClirnetSanity.EbookDetail(ClirnetSanity.java:360)
at java.base/java.util.ArrayList.forEach(ArrayList.java:1511)
... Removed 27 stack frames]]>
    </failure>
  </testcase> <!-- EbookDetail -->
  <testcase classname="com.clirnet.login.ClirnetSanity" name="LiveCmeDetail" time="0.001">
    <failure type="java.lang.IllegalArgumentException" message="Input must be set">
      <![CDATA[java.lang.IllegalArgumentException: Input must be set
at org.openqa.selenium.internal.Require.nonNull(Require.java:60)
at org.openqa.selenium.support.ui.FluentWait.<init>(FluentWait.java:94)
at org.openqa.selenium.support.ui.WebDriverWait.<init>(WebDriverWait.java:74)
at org.openqa.selenium.support.ui.WebDriverWait.<init>(WebDriverWait.java:43)
at com.clirnet.login.ClirnetSanity.LiveCmeDetail(ClirnetSanity.java:384)
at java.base/java.util.ArrayList.forEach(ArrayList.java:1511)
... Removed 27 stack frames]]>
    </failure>
  </testcase> <!-- LiveCmeDetail -->
</testsuite> <!-- Test -->
